<?xml version="1.0" encoding="UTF-8"?>
<!-- Generated by org.testng.reporters.JUnitReportReporter -->
<testsuite hostname="WINDOWS-I42JNHR" failures="1" tests="13" name="com.testscripts.LoginWithExistingEmailAmazonPayTest" time="16.175" errors="0" timestamp="2024-03-05T17:01:34 IST" skipped="0">
  <testcase classname="com.testscripts.LoginWithExistingEmailAmazonPayTest" name="validateLogin" time="0.934"/>
  <system-out/>
  <testcase classname="com.testscripts.LoginWithExistingEmailAmazonPayTest" name="validateCoupon" time="1.060"/>
  <system-out/>
  <testcase classname="com.testscripts.LoginWithExistingEmailAmazonPayTest" name="validateEmailDisable" time="0.084"/>
  <system-out/>
  <testcase classname="com.testscripts.LoginWithExistingEmailAmazonPayTest" name="validateCouponRemove" time="0.053"/>
  <system-out/>
  <testcase classname="com.testscripts.LoginWithExistingEmailAmazonPayTest" name="validateBuyForSomeone" time="0.027"/>
  <system-out/>
  <testcase classname="com.testscripts.LoginWithExistingEmailAmazonPayTest" name="validateWhatsappIsPresent" time="0.526"/>
  <system-out/>
  <testcase classname="com.testscripts.LoginWithExistingEmailAmazonPayTest" name="validatePaymentUrl" time="0.257"/>
  <system-out/>
  <testcase classname="com.testscripts.LoginWithExistingEmailAmazonPayTest" name="validatePhonepe" time="3.159"/>
  <system-out/>
  <testcase classname="com.testscripts.LoginWithExistingEmailAmazonPayTest" name="validateAmazonPe" time="0.141"/>
  <system-out/>
  <testcase classname="com.testscripts.LoginWithExistingEmailAmazonPayTest" name="validateAmazonOrderMessage" time="8.252"/>
  <system-out/>
  <testcase classname="com.testscripts.LoginWithExistingEmailAmazonPayTest" name="validateRegisterBtn" time="0.042">
    <failure message="expected [false] but found [true]" type="java.lang.AssertionError">
      <![CDATA[java.lang.AssertionError: expected [false] but found [true]
at org.testng.Assert.fail(Assert.java:99)
at org.testng.Assert.failNotEquals(Assert.java:1037)
at org.testng.Assert.assertFalse(Assert.java:67)
at org.testng.Assert.assertFalse(Assert.java:77)
at com.pages.LoginWithExistingEmailUpiPayment.verifyCompleteRegisterbutton(LoginWithExistingEmailUpiPayment.java:178)
at com.testscripts.LoginWithExistingEmailAmazonPayTest.validateRegisterBtn(LoginWithExistingEmailAmazonPayTest.java:117)
at java.base/jdk.internal.reflect.NativeMethodAccessorImpl.invoke0(Native Method)
at java.base/jdk.internal.reflect.NativeMethodAccessorImpl.invoke(NativeMethodAccessorImpl.java:77)
at java.base/jdk.internal.reflect.DelegatingMethodAccessorImpl.invoke(DelegatingMethodAccessorImpl.java:43)
at java.base/java.lang.reflect.Method.invoke(Method.java:568)
at org.testng.internal.MethodInvocationHelper.invokeMethod(MethodInvocationHelper.java:133)
at org.testng.internal.TestInvoker.invokeMethod(TestInvoker.java:598)
at org.testng.internal.TestInvoker.invokeTestMethod(TestInvoker.java:173)
at org.testng.internal.MethodRunner.runInSequence(MethodRunner.java:46)
at org.testng.internal.TestInvoker$MethodInvocationAgent.invoke(TestInvoker.java:824)
at org.testng.internal.TestInvoker.invokeTestMethods(TestInvoker.java:146)
at org.testng.internal.TestMethodWorker.invokeTestMethods(TestMethodWorker.java:146)
at org.testng.internal.TestMethodWorker.run(TestMethodWorker.java:128)
at java.base/java.util.ArrayList.forEach(ArrayList.java:1511)
at org.testng.TestRunner.privateRun(TestRunner.java:794)
at org.testng.TestRunner.run(TestRunner.java:596)
at org.testng.SuiteRunner.runTest(SuiteRunner.java:377)
at org.testng.SuiteRunner.runSequentially(SuiteRunner.java:371)
at org.testng.SuiteRunner.privateRun(SuiteRunner.java:332)
at org.testng.SuiteRunner.run(SuiteRunner.java:276)
at org.testng.SuiteRunnerWorker.runSuite(SuiteRunnerWorker.java:53)
at org.testng.SuiteRunnerWorker.run(SuiteRunnerWorker.java:96)
at org.testng.TestNG.runSuitesSequentially(TestNG.java:1212)
at org.testng.TestNG.runSuitesLocally(TestNG.java:1134)
at org.testng.TestNG.runSuites(TestNG.java:1063)
at org.testng.TestNG.run(TestNG.java:1031)
at org.testng.remote.AbstractRemoteTestNG.run(AbstractRemoteTestNG.java:115)
at org.testng.remote.RemoteTestNG.initAndRun(RemoteTestNG.java:251)
at org.testng.remote.RemoteTestNG.main(RemoteTestNG.java:77)
]]>
    </failure>
  </testcase> <!-- validateRegisterBtn -->
  <system-out/>
  <testcase classname="com.testscripts.LoginWithExistingEmailAmazonPayTest" name="validateOrderIdVip_amazonpay" time="0.833"/>
  <system-out/>
  <testcase classname="com.testscripts.LoginWithExistingEmailAmazonPayTest" name="validateOrderIdFree_amazonpay" time="0.807"/>
  <system-out/>
</testsuite> <!-- com.testscripts.LoginWithExistingEmailAmazonPayTest -->
