<?xml version="1.0" encoding="UTF-8"?>
<!-- Generated by org.testng.reporters.JUnitReportReporter -->
<testsuite hostname="WINDOWS-I42JNHR" failures="0" tests="6" name="com.testscripts.LoginGoogleTests" time="30.824" errors="0" timestamp="2024-02-20T18:59:41 IST" skipped="0">
  <testcase classname="com.testscripts.LoginGoogleTests" name="ValidateGoogleSigninDisablemail" time="13.710"/>
  <system-out/>
  <testcase classname="com.testscripts.LoginGoogleTests" name="ValidateWhatsappConfig" time="0.079"/>
  <system-out/>
  <testcase classname="com.testscripts.LoginGoogleTests" name="ValidateAttendee_orderconfrm" time="12.120"/>
  <system-out/>
  <testcase classname="com.testscripts.LoginGoogleTests" name="validateViewTicketUrl" time="1.181"/>
  <system-out/>
  <testcase classname="com.testscripts.LoginGoogleTests" name="ValidateRegUrl" time="2.899"/>
  <system-out/>
  <testcase classname="com.testscripts.LoginGoogleTests" name="ValidateOrderId" time="0.835"/>
  <system-out/>
</testsuite> <!-- com.testscripts.LoginGoogleTests -->
