<?xml version="1.0" encoding="UTF-8"?>
<!-- Generated by org.testng.reporters.JUnitReportReporter -->
<testsuite hostname="WINDOWS-I42JNHR" failures="0" tests="9" name="applicationtests.PayerWillPayRazorTest" time="33.924" errors="0" timestamp="2024-03-22T16:42:22 IST" skipped="0">
  <testcase classname="applicationtests.PayerWillPayRazorTest" name="validateAppLogin" time="6.146"/>
  <system-out/>
  <testcase classname="applicationtests.PayerWillPayRazorTest" name="validateCheckIn" time="8.572"/>
  <system-out/>
  <testcase classname="applicationtests.PayerWillPayRazorTest" name="validateSearch" time="18.545"/>
  <system-out/>
  <testcase classname="applicationtests.PayerWillPayRazorTest" name="validateCartTest" time="0.118"/>
  <system-out/>
  <testcase classname="applicationtests.PayerWillPayRazorTest" name="validateDiscount" time="0.083"/>
  <system-out/>
  <testcase classname="applicationtests.PayerWillPayRazorTest" name="validatePlatformFee" time="0.073"/>
  <system-out/>
  <testcase classname="applicationtests.PayerWillPayRazorTest" name="validatePayment_Collected" time="0.119"/>
  <system-out/>
  <testcase classname="applicationtests.PayerWillPayRazorTest" name="validateRazorpay_charges" time="0.103"/>
  <system-out/>
  <testcase classname="applicationtests.PayerWillPayRazorTest" name="validateAmount_owe" time="0.165"/>
  <system-out/>
</testsuite> <!-- applicationtests.PayerWillPayRazorTest -->
