<?xml version="1.0" encoding="UTF-8"?>
<!-- Generated by org.testng.reporters.JUnitReportReporter -->
<testsuite hostname="WINDOWS-I42JNHR" failures="0" tests="9" name="com.testscripts.OrderValidation" time="32.611" errors="0" timestamp="2024-03-26T14:26:48 IST" skipped="0">
  <testcase classname="com.testscripts.OrderValidation" name="validateAppLogin" time="4.958"/>
  <system-out/>
  <testcase classname="com.testscripts.OrderValidation" name="validateCheckIn" time="4.368"/>
  <system-out/>
  <testcase classname="com.testscripts.OrderValidation" name="validateSearch" time="22.665"/>
  <system-out/>
  <testcase classname="com.testscripts.OrderValidation" name="validateCartTest" time="0.071"/>
  <system-out/>
  <testcase classname="com.testscripts.OrderValidation" name="validateDiscount" time="0.147"/>
  <system-out/>
  <testcase classname="com.testscripts.OrderValidation" name="validatePlatformFee" time="0.093"/>
  <system-out/>
  <testcase classname="com.testscripts.OrderValidation" name="validatePayment_Collected" time="0.100"/>
  <system-out/>
  <testcase classname="com.testscripts.OrderValidation" name="validateRazorpay_charges" time="0.111"/>
  <system-out/>
  <testcase classname="com.testscripts.OrderValidation" name="validateAmount_owe" time="0.098"/>
  <system-out/>
</testsuite> <!-- com.testscripts.OrderValidation -->
