<?xml version="1.0" encoding="UTF-8"?>
<!-- Generated by org.testng.reporters.JUnitReportReporter -->
<testsuite hostname="WINDOWS-I42JNHR" failures="0" tests="7" name="com.testscripts.LoginWithExistingEmailFreeTest" time="15.682" errors="0" timestamp="2024-03-05T17:01:34 IST" skipped="0">
  <testcase classname="com.testscripts.LoginWithExistingEmailFreeTest" name="validateMobileWithExistingEmail_free" time="0.923"/>
  <system-out/>
  <testcase classname="com.testscripts.LoginWithExistingEmailFreeTest" name="validateDisableEmail__freeExistingEmail" time="0.596"/>
  <system-out/>
  <testcase classname="com.testscripts.LoginWithExistingEmailFreeTest" name="validateOrderConfirmation__freeExistingEmail" time="0.084"/>
  <system-out/>
  <testcase classname="com.testscripts.LoginWithExistingEmailFreeTest" name="validateWhatsappIsPresent_freeExistingEmail" time="0.040"/>
  <system-out/>
  <testcase classname="com.testscripts.LoginWithExistingEmailFreeTest" name="validateOrderSuccessPage_freeExistingEmail" time="11.807"/>
  <system-out/>
  <testcase classname="com.testscripts.LoginWithExistingEmailFreeTest" name="validateOrderID_freeExistingEmail" time="0.567"/>
  <system-out/>
  <testcase classname="com.testscripts.LoginWithExistingEmailFreeTest" name="verifyBuyerdetails_Mbfree" time="1.665"/>
  <system-out/>
</testsuite> <!-- com.testscripts.LoginWithExistingEmailFreeTest -->
