<?xml version="1.0" encoding="UTF-8"?>
<!-- Generated by org.testng.reporters.JUnitReportReporter -->
<testsuite hostname="WINDOWS-I42JNHR" failures="0" tests="9" name="com.testscripts.LoginWithNewEmailTest" time="24.540" errors="0" timestamp="2024-03-04T15:56:49 IST" skipped="0">
  <testcase classname="com.testscripts.LoginWithNewEmailTest" name="ValidateSigninWithNewEmail" time="1.070"/>
  <system-out/>
  <testcase classname="com.testscripts.LoginWithNewEmailTest" name="ValidateCoupon_Email" time="1.082"/>
  <system-out/>
  <testcase classname="com.testscripts.LoginWithNewEmailTest" name="ValidateEmailDisable_Email" time="0.115"/>
  <system-out/>
  <testcase classname="com.testscripts.LoginWithNewEmailTest" name="validateWhatsappCheckbox" time="0.430"/>
  <system-out/>
  <testcase classname="com.testscripts.LoginWithNewEmailTest" name="validateAttendeeEmail" time="0.041"/>
  <system-out/>
  <testcase classname="com.testscripts.LoginWithNewEmailTest" name="validateOrderSuccessMessage" time="16.297"/>
  <system-out/>
  <testcase classname="com.testscripts.LoginWithNewEmailTest" name="validateOrderifVip_email" time="0.716"/>
  <system-out/>
  <testcase classname="com.testscripts.LoginWithNewEmailTest" name="ValidateOrderIdFree_email" time="0.424"/>
  <system-out/>
  <testcase classname="com.testscripts.LoginWithNewEmailTest" name="validateAttendeeRegistration_Vip" time="4.365"/>
  <system-out/>
</testsuite> <!-- com.testscripts.LoginWithNewEmailTest -->
