<?xml version="1.0" encoding="UTF-8"?>
<!-- Generated by org.testng.reporters.JUnitReportReporter -->
<testsuite hostname="WINDOWS-I42JNHR" failures="0" tests="1" name="com.testscripts.LoginGoogleTest" time="32.577" errors="0" timestamp="2024-02-19T18:57:09 IST" skipped="0">
  <testcase classname="com.testscripts.LoginGoogleTest" name="VerifyLoginGoogle" time="32.577"/>
  <system-out/>
</testsuite> <!-- com.testscripts.LoginGoogleTest -->
