<?xml version="1.0" encoding="UTF-8"?>
<!-- Generated by org.testng.reporters.JUnitReportReporter -->
<testsuite hostname="WINDOWS-I42JNHR" failures="0" tests="7" name="com.testscripts.LoginWithExistingEmailAmazonPayTest" time="4.150" errors="0" timestamp="2024-02-26T17:49:13 IST" skipped="0">
  <testcase classname="com.testscripts.LoginWithExistingEmailAmazonPayTest" name="validateLogin" time="2.097"/>
  <system-out/>
  <testcase classname="com.testscripts.LoginWithExistingEmailAmazonPayTest" name="validateCoupon" time="1.063"/>
  <system-out/>
  <testcase classname="com.testscripts.LoginWithExistingEmailAmazonPayTest" name="validateEmailDisable" time="0.099"/>
  <system-out/>
  <testcase classname="com.testscripts.LoginWithExistingEmailAmazonPayTest" name="validateCouponRemove" time="0.059"/>
  <system-out/>
  <testcase classname="com.testscripts.LoginWithExistingEmailAmazonPayTest" name="validateBuyForSomeone" time="0.041"/>
  <system-out/>
  <testcase classname="com.testscripts.LoginWithExistingEmailAmazonPayTest" name="validateWhatsappIsPresent" time="0.558"/>
  <system-out/>
  <testcase classname="com.testscripts.LoginWithExistingEmailAmazonPayTest" name="validatePaymentUrl" time="0.233"/>
  <system-out/>
</testsuite> <!-- com.testscripts.LoginWithExistingEmailAmazonPayTest -->
