<?xml version="1.0" encoding="UTF-8"?>
<!-- Generated by org.testng.reporters.JUnitReportReporter -->
<testsuite hostname="WINDOWS-I42JNHR" failures="0" tests="6" name="com.testscripts.LoginWithGoogleRazorPayUpiTest" time="42.023" errors="0" timestamp="2024-03-20T11:36:38 IST" skipped="0">
  <testcase classname="com.testscripts.LoginWithGoogleRazorPayUpiTest" name="validateDisableEmail_google_Upi" time="16.844"/>
  <system-out/>
  <testcase classname="com.testscripts.LoginWithGoogleRazorPayUpiTest" name="ValidateWhatsappConfigEnable_UPi" time="0.700"/>
  <system-out/>
  <testcase classname="com.testscripts.LoginWithGoogleRazorPayUpiTest" name="validateTicketForAttendee_google_upi" time="0.053"/>
  <system-out/>
  <testcase classname="com.testscripts.LoginWithGoogleRazorPayUpiTest" name="validatePaymentUrl" time="0.426"/>
  <system-out/>
  <testcase classname="com.testscripts.LoginWithGoogleRazorPayUpiTest" name="validateRazorUpiPaymentMsg" time="4.696"/>
  <system-out/>
  <testcase classname="com.testscripts.LoginWithGoogleRazorPayUpiTest" name="validateUpiMobile" time="19.304"/>
  <system-out/>
</testsuite> <!-- com.testscripts.LoginWithGoogleRazorPayUpiTest -->
