<?xml version="1.0" encoding="UTF-8"?>
<!-- Generated by org.testng.reporters.JUnitReportReporter -->
<testsuite hostname="WINDOWS-I42JNHR" failures="0" tests="9" name="applicationtests.PayerWillPayRazorTest" time="47.022" errors="0" timestamp="2024-03-26T12:08:54 IST" skipped="0">
  <testcase classname="applicationtests.PayerWillPayRazorTest" name="validateAppLogin" time="24.051"/>
  <system-out/>
  <testcase classname="applicationtests.PayerWillPayRazorTest" name="validateCheckIn" time="4.234"/>
  <system-out/>
  <testcase classname="applicationtests.PayerWillPayRazorTest" name="validateSearch" time="18.388"/>
  <system-out/>
  <testcase classname="applicationtests.PayerWillPayRazorTest" name="validateCartTest" time="0.052"/>
  <system-out/>
  <testcase classname="applicationtests.PayerWillPayRazorTest" name="validateDiscount" time="0.062"/>
  <system-out/>
  <testcase classname="applicationtests.PayerWillPayRazorTest" name="validatePlatformFee" time="0.057"/>
  <system-out/>
  <testcase classname="applicationtests.PayerWillPayRazorTest" name="validatePayment_Collected" time="0.051"/>
  <system-out/>
  <testcase classname="applicationtests.PayerWillPayRazorTest" name="validateRazorpay_charges" time="0.061"/>
  <system-out/>
  <testcase classname="applicationtests.PayerWillPayRazorTest" name="validateAmount_owe" time="0.066"/>
  <system-out/>
</testsuite> <!-- applicationtests.PayerWillPayRazorTest -->
