<?xml version="1.0" encoding="UTF-8"?>
<!-- Generated by org.testng.reporters.JUnitReportReporter -->
<testsuite hostname="WINDOWS-I42JNHR" failures="0" tests="8" name="com.testscripts.LoginGoogleTests" time="37.645" errors="0" timestamp="2024-02-21T18:30:17 IST" skipped="0">
  <testcase classname="com.testscripts.LoginGoogleTests" name="ValidateGoogleSigninDisablemail" time="14.431"/>
  <system-out/>
  <testcase classname="com.testscripts.LoginGoogleTests" name="ValidateWhatsappConfig" time="0.113"/>
  <system-out/>
  <testcase classname="com.testscripts.LoginGoogleTests" name="ValidateAttendee_orderconfrm" time="13.116"/>
  <system-out/>
  <testcase classname="com.testscripts.LoginGoogleTests" name="validateViewTicketUrl" time="1.273"/>
  <system-out/>
  <testcase classname="com.testscripts.LoginGoogleTests" name="ValidateRegUrl" time="3.714"/>
  <system-out/>
  <testcase classname="com.testscripts.LoginGoogleTests" name="ValidateOrderId" time="0.509"/>
  <system-out/>
  <testcase classname="com.testscripts.LoginGoogleTests" name="ValidateBuyerDetails" time="0.807"/>
  <system-out/>
  <testcase classname="com.testscripts.LoginGoogleTests" name="ValidatecompleteReg" time="3.682"/>
  <system-out/>
</testsuite> <!-- com.testscripts.LoginGoogleTests -->
