<?xml version="1.0" encoding="UTF-8"?>
<!-- Generated by org.testng.reporters.JUnitReportReporter -->
<testsuite hostname="WINDOWS-I42JNHR" failures="0" tests="1" name="com.testscripts.SampleTest" time="0.936" errors="0" timestamp="2024-03-13T12:58:05 IST" skipped="0">
  <testcase classname="com.testscripts.SampleTest" name="validateDisablemail_google" time="0.936"/>
  <system-out/>
</testsuite> <!-- com.testscripts.SampleTest -->
