<?xml version="1.0" encoding="UTF-8"?>
<!-- Generated by org.testng.reporters.JUnitReportReporter -->
<testsuite hostname="WINDOWS-I42JNHR" failures="0" tests="8" name="com.testscripts.LoginWithExistingEmailFreeTest" time="6.148" errors="0" timestamp="2024-03-13T12:15:10 IST" skipped="0">
  <testcase classname="com.testscripts.LoginWithExistingEmailFreeTest" name="validateMobileWithExistingEmail_free" time="1.109"/>
  <system-out/>
  <testcase classname="com.testscripts.LoginWithExistingEmailFreeTest" name="validateDisableEmail__freeExistingEmail" time="0.519"/>
  <system-out/>
  <testcase classname="com.testscripts.LoginWithExistingEmailFreeTest" name="validateOrderConfirmation__freeExistingEmail" time="0.638"/>
  <system-out/>
  <testcase classname="com.testscripts.LoginWithExistingEmailFreeTest" name="validateWhatsappIsPresent_freeExistingEmail" time="0.038"/>
  <system-out/>
  <testcase classname="com.testscripts.LoginWithExistingEmailFreeTest" name="validateOrderSuccessPage_freeExistingEmail" time="1.024"/>
  <system-out/>
  <testcase classname="com.testscripts.LoginWithExistingEmailFreeTest" name="validateOrderID_freeExistingEmail" time="0.680"/>
  <system-out/>
  <testcase classname="com.testscripts.LoginWithExistingEmailFreeTest" name="validateAttendeeDetails_ExistingEmail" time="0.690"/>
  <system-out/>
  <testcase classname="com.testscripts.LoginWithExistingEmailFreeTest" name="validateAttendeeDetails_googleCompleteReg" time="1.450"/>
  <system-out/>
</testsuite> <!-- com.testscripts.LoginWithExistingEmailFreeTest -->
