<?xml version="1.0" encoding="UTF-8"?>
<!-- Generated by org.testng.reporters.JUnitReportReporter -->
<testsuite hostname="WINDOWS-I42JNHR" failures="0" tests="6" name="com.testscripts.LoginWithGoogleRazorPayUpiTest" time="22.120" errors="0" timestamp="2024-03-06T11:52:37 IST" skipped="0">
  <testcase classname="com.testscripts.LoginWithGoogleRazorPayUpiTest" name="validateDisableEmail_google_Upi" time="12.411"/>
  <system-out/>
  <testcase classname="com.testscripts.LoginWithGoogleRazorPayUpiTest" name="ValidateWhatsappConfigEnable_UPi" time="0.115"/>
  <system-out/>
  <testcase classname="com.testscripts.LoginWithGoogleRazorPayUpiTest" name="validateTicketForAttendee_google_upi" time="0.136"/>
  <system-out/>
  <testcase classname="com.testscripts.LoginWithGoogleRazorPayUpiTest" name="validatePaymentUrl" time="0.113"/>
  <system-out/>
  <testcase classname="com.testscripts.LoginWithGoogleRazorPayUpiTest" name="validateRazorUpiPaymentMsg" time="4.805"/>
  <system-out/>
  <testcase classname="com.testscripts.LoginWithGoogleRazorPayUpiTest" name="validateUpiMobile" time="4.540"/>
  <system-out/>
</testsuite> <!-- com.testscripts.LoginWithGoogleRazorPayUpiTest -->
