<?xml version="1.0" encoding="UTF-8"?>
<!-- Generated by org.testng.reporters.JUnitReportReporter -->
<testsuite hostname="WINDOWS-I42JNHR" failures="0" tests="9" name="com.testscripts.LoginWithNewEmailTest" time="25.573" errors="0" timestamp="2024-03-05T17:01:34 IST" skipped="0">
  <testcase classname="com.testscripts.LoginWithNewEmailTest" name="ValidateSigninWithNewEmail" time="0.825"/>
  <system-out/>
  <testcase classname="com.testscripts.LoginWithNewEmailTest" name="ValidateCoupon_Email" time="1.062"/>
  <system-out/>
  <testcase classname="com.testscripts.LoginWithNewEmailTest" name="ValidateEmailDisable_Email" time="0.113"/>
  <system-out/>
  <testcase classname="com.testscripts.LoginWithNewEmailTest" name="validateWhatsappCheckbox" time="0.412"/>
  <system-out/>
  <testcase classname="com.testscripts.LoginWithNewEmailTest" name="validateAttendeeEmail" time="0.055"/>
  <system-out/>
  <testcase classname="com.testscripts.LoginWithNewEmailTest" name="validateOrderSuccessMessage" time="17.305"/>
  <system-out/>
  <testcase classname="com.testscripts.LoginWithNewEmailTest" name="validateOrderifVip_email" time="0.855"/>
  <system-out/>
  <testcase classname="com.testscripts.LoginWithNewEmailTest" name="ValidateOrderIdFree_email" time="0.771"/>
  <system-out/>
  <testcase classname="com.testscripts.LoginWithNewEmailTest" name="validateAttendeeRegistration_Vip" time="4.175"/>
  <system-out/>
</testsuite> <!-- com.testscripts.LoginWithNewEmailTest -->
