<?xml version="1.0" encoding="UTF-8"?>
<!-- Generated by org.testng.reporters.JUnitReportReporter -->
<testsuite hostname="WINDOWS-I42JNHR" failures="0" tests="12" name="com.testscripts.LoginWithMobileAmazonPayTest" time="34.300" errors="0" timestamp="2024-03-16T18:15:15 IST" skipped="0">
  <testcase classname="com.testscripts.LoginWithMobileAmazonPayTest" name="validateMobileLogin_MbUpi" time="21.999"/>
  <system-out/>
  <testcase classname="com.testscripts.LoginWithMobileAmazonPayTest" name="validateDisableEmail_MbUpi" time="1.635"/>
  <system-out/>
  <testcase classname="com.testscripts.LoginWithMobileAmazonPayTest" name="validateOrderConfirmation_MbUpi" time="1.149"/>
  <system-out/>
  <testcase classname="com.testscripts.LoginWithMobileAmazonPayTest" name="validateCoupon" time="0.521"/>
  <system-out/>
  <testcase classname="com.testscripts.LoginWithMobileAmazonPayTest" name="validateCouponRemove" time="0.094"/>
  <system-out/>
  <testcase classname="com.testscripts.LoginWithMobileAmazonPayTest" name="validateWhatsappIsPresent" time="0.582"/>
  <system-out/>
  <testcase classname="com.testscripts.LoginWithMobileAmazonPayTest" name="validatePaymentUrl" time="0.487"/>
  <system-out/>
  <testcase classname="com.testscripts.LoginWithMobileAmazonPayTest" name="validatePhonepe" time="3.493"/>
  <system-out/>
  <testcase classname="com.testscripts.LoginWithMobileAmazonPayTest" name="validateAmazonPe" time="0.335"/>
  <system-out/>
  <testcase classname="com.testscripts.LoginWithMobileAmazonPayTest" name="validateAmazonOrderMessage" time="2.955"/>
  <system-out/>
  <testcase classname="com.testscripts.LoginWithMobileAmazonPayTest" name="validateOrderIdVip_amazonpay" time="0.734"/>
  <system-out/>
  <testcase classname="com.testscripts.LoginWithMobileAmazonPayTest" name="validateAttendeeDetails_MobileloginViewTicketsFreeAmazonP" time="0.316"/>
  <system-out/>
</testsuite> <!-- com.testscripts.LoginWithMobileAmazonPayTest -->
