<?xml version="1.0" encoding="UTF-8"?>
<!-- Generated by org.testng.reporters.JUnitReportReporter -->
<testsuite hostname="WINDOWS-I42JNHR" failures="0" tests="6" name="com.testscripts.LoginWithGoogleRazorPayUpiTest" time="23.325" errors="0" timestamp="2024-03-11T16:55:37 IST" skipped="0">
  <testcase classname="com.testscripts.LoginWithGoogleRazorPayUpiTest" name="validateDisableEmail_google_Upi" time="13.263"/>
  <system-out/>
  <testcase classname="com.testscripts.LoginWithGoogleRazorPayUpiTest" name="ValidateWhatsappConfigEnable_UPi" time="0.033"/>
  <system-out/>
  <testcase classname="com.testscripts.LoginWithGoogleRazorPayUpiTest" name="validateTicketForAttendee_google_upi" time="0.899"/>
  <system-out/>
  <testcase classname="com.testscripts.LoginWithGoogleRazorPayUpiTest" name="validatePaymentUrl" time="0.101"/>
  <system-out/>
  <testcase classname="com.testscripts.LoginWithGoogleRazorPayUpiTest" name="validateRazorUpiPaymentMsg" time="4.573"/>
  <system-out/>
  <testcase classname="com.testscripts.LoginWithGoogleRazorPayUpiTest" name="validateUpiMobile" time="4.456"/>
  <system-out/>
</testsuite> <!-- com.testscripts.LoginWithGoogleRazorPayUpiTest -->
