<?xml version="1.0" encoding="UTF-8"?>
<!-- Generated by org.testng.reporters.JUnitReportReporter -->
<testsuite hostname="WINDOWS-I42JNHR" failures="0" tests="9" name="com.testscripts.LoginWithMobileFreeTest" time="42.181" errors="0" timestamp="2024-03-13T12:15:10 IST" skipped="0">
  <testcase classname="com.testscripts.LoginWithMobileFreeTest" name="validateMobileLogin_MbFree" time="31.232"/>
  <system-out/>
  <testcase classname="com.testscripts.LoginWithMobileFreeTest" name="validateDisableMobile_Mbfree" time="0.647"/>
  <system-out/>
  <testcase classname="com.testscripts.LoginWithMobileFreeTest" name="validateOrderConfirmation_Mbfree" time="0.748"/>
  <system-out/>
  <testcase classname="com.testscripts.LoginWithMobileFreeTest" name="verifyOrderMessage_Mbfree" time="2.400"/>
  <system-out/>
  <testcase classname="com.testscripts.LoginWithMobileFreeTest" name="verifyOrderId_Mbfree" time="0.668"/>
  <system-out/>
  <testcase classname="com.testscripts.LoginWithMobileFreeTest" name="verifyBuyerdetails_Mbfree" time="1.403"/>
  <system-out/>
  <testcase classname="com.testscripts.LoginWithMobileFreeTest" name="verifyRegistration_Mbfree" time="1.844"/>
  <system-out/>
  <testcase classname="com.testscripts.LoginWithMobileFreeTest" name="validateAttendeeDetails_MobileloginViewTicketsFree" time="2.473"/>
  <system-out/>
  <testcase classname="com.testscripts.LoginWithMobileFreeTest" name="validateAttendeeDetails_MobileLoginCompleteRegFree" time="0.766"/>
  <system-out/>
</testsuite> <!-- com.testscripts.LoginWithMobileFreeTest -->
