<?xml version="1.0" encoding="UTF-8"?>
<!-- Generated by org.testng.reporters.JUnitReportReporter -->
<testsuite hostname="WINDOWS-I42JNHR" failures="0" tests="7" name="com.testscripts.LoginWithExistingEmailFreeTest" time="15.733" errors="0" timestamp="2024-03-04T15:59:17 IST" skipped="0">
  <testcase classname="com.testscripts.LoginWithExistingEmailFreeTest" name="validateMobileWithExistingEmail_free" time="1.087"/>
  <system-out/>
  <testcase classname="com.testscripts.LoginWithExistingEmailFreeTest" name="validateDisableEmail__freeExistingEmail" time="0.449"/>
  <system-out/>
  <testcase classname="com.testscripts.LoginWithExistingEmailFreeTest" name="validateOrderConfirmation__freeExistingEmail" time="0.039"/>
  <system-out/>
  <testcase classname="com.testscripts.LoginWithExistingEmailFreeTest" name="validateWhatsappIsPresent_freeExistingEmail" time="0.084"/>
  <system-out/>
  <testcase classname="com.testscripts.LoginWithExistingEmailFreeTest" name="validateOrderSuccessPage_freeExistingEmail" time="11.552"/>
  <system-out/>
  <testcase classname="com.testscripts.LoginWithExistingEmailFreeTest" name="validateOrderID_freeExistingEmail" time="1.000"/>
  <system-out/>
  <testcase classname="com.testscripts.LoginWithExistingEmailFreeTest" name="verifyBuyerdetails_Mbfree" time="1.522"/>
  <system-out/>
</testsuite> <!-- com.testscripts.LoginWithExistingEmailFreeTest -->
