<?xml version="1.0" encoding="UTF-8"?>
<!-- Generated by org.testng.reporters.JUnitReportReporter -->
<testsuite hostname="WINDOWS-I42JNHR" failures="0" tests="9" name="com.testscripts.LoginWithMobileFreeTest" time="43.810" errors="0" timestamp="2024-03-16T18:15:15 IST" skipped="0">
  <testcase classname="com.testscripts.LoginWithMobileFreeTest" name="validateMobileLogin_MbFree" time="27.668"/>
  <system-out/>
  <testcase classname="com.testscripts.LoginWithMobileFreeTest" name="validateDisableMobile_Mbfree" time="0.958"/>
  <system-out/>
  <testcase classname="com.testscripts.LoginWithMobileFreeTest" name="validateOrderConfirmation_Mbfree" time="1.333"/>
  <system-out/>
  <testcase classname="com.testscripts.LoginWithMobileFreeTest" name="verifyOrderMessage_Mbfree" time="3.950"/>
  <system-out/>
  <testcase classname="com.testscripts.LoginWithMobileFreeTest" name="verifyOrderId_Mbfree" time="1.449"/>
  <system-out/>
  <testcase classname="com.testscripts.LoginWithMobileFreeTest" name="verifyBuyerdetails_Mbfree" time="3.652"/>
  <system-out/>
  <testcase classname="com.testscripts.LoginWithMobileFreeTest" name="verifyRegistration_Mbfree" time="3.064"/>
  <system-out/>
  <testcase classname="com.testscripts.LoginWithMobileFreeTest" name="validateAttendeeDetails_MobileloginViewTicketsFree" time="0.779"/>
  <system-out/>
  <testcase classname="com.testscripts.LoginWithMobileFreeTest" name="validateAttendeeDetails_MobileLoginCompleteRegFree" time="0.957"/>
  <system-out/>
</testsuite> <!-- com.testscripts.LoginWithMobileFreeTest -->
