<?xml version="1.0" encoding="UTF-8"?>
<!-- Generated by org.testng.reporters.JUnitReportReporter -->
<testsuite hostname="WINDOWS-I42JNHR" failures="0" tests="9" name="com.testscripts.LoginWithNewEmailTest" time="58.539" errors="0" timestamp="2024-03-01T14:59:52 IST" skipped="0">
  <testcase classname="com.testscripts.LoginWithNewEmailTest" name="ValidateSigninWithNewEmail" time="31.148"/>
  <system-out/>
  <testcase classname="com.testscripts.LoginWithNewEmailTest" name="ValidateCoupon_Email" time="0.985"/>
  <system-out/>
  <testcase classname="com.testscripts.LoginWithNewEmailTest" name="ValidateEmailDisable_Email" time="0.146"/>
  <system-out/>
  <testcase classname="com.testscripts.LoginWithNewEmailTest" name="validateWhatsappCheckbox" time="0.519"/>
  <system-out/>
  <testcase classname="com.testscripts.LoginWithNewEmailTest" name="validateAttendeeEmail" time="0.056"/>
  <system-out/>
  <testcase classname="com.testscripts.LoginWithNewEmailTest" name="validateOrderSuccessMessage" time="16.607"/>
  <system-out/>
  <testcase classname="com.testscripts.LoginWithNewEmailTest" name="validateOrderifVip_email" time="1.214"/>
  <system-out/>
  <testcase classname="com.testscripts.LoginWithNewEmailTest" name="ValidateOrderIdFree_email" time="1.048"/>
  <system-out/>
  <testcase classname="com.testscripts.LoginWithNewEmailTest" name="validateAttendeeRegistration_Vip" time="6.816"/>
  <system-out/>
</testsuite> <!-- com.testscripts.LoginWithNewEmailTest -->
