<?xml version="1.0" encoding="UTF-8"?>
<!-- Generated by org.testng.reporters.JUnitReportReporter -->
<testsuite hostname="WINDOWS-I42JNHR" failures="0" tests="1" name="com.testscripts.LoginGoogleTests" time="11.913" errors="0" timestamp="2024-03-04T18:36:11 IST" skipped="0">
  <testcase classname="com.testscripts.LoginGoogleTests" name="validateDisablemail_google" time="11.913"/>
  <system-out/>
</testsuite> <!-- com.testscripts.LoginGoogleTests -->
