<?xml version="1.0" encoding="UTF-8"?>
<!-- Generated by org.testng.reporters.JUnitReportReporter -->
<testsuite hostname="WINDOWS-I42JNHR" failures="0" tests="8" name="com.testscripts.LoginGoogleTests" time="35.776" errors="0" timestamp="2024-02-23T11:55:01 IST" skipped="0">
  <testcase classname="com.testscripts.LoginGoogleTests" name="ValidateGoogleSigninDisablemail" time="12.120"/>
  <system-out/>
  <testcase classname="com.testscripts.LoginGoogleTests" name="ValidateWhatsappConfig" time="0.143"/>
  <system-out/>
  <testcase classname="com.testscripts.LoginGoogleTests" name="ValidateAttendee_orderconfrm" time="12.936"/>
  <system-out/>
  <testcase classname="com.testscripts.LoginGoogleTests" name="validateViewTicketUrl" time="1.255"/>
  <system-out/>
  <testcase classname="com.testscripts.LoginGoogleTests" name="ValidateRegUrl" time="3.079"/>
  <system-out/>
  <testcase classname="com.testscripts.LoginGoogleTests" name="ValidateOrderId" time="0.966"/>
  <system-out/>
  <testcase classname="com.testscripts.LoginGoogleTests" name="ValidateBuyerDetails" time="1.515"/>
  <system-out/>
  <testcase classname="com.testscripts.LoginGoogleTests" name="ValidatecompleteReg" time="3.762"/>
  <system-out/>
</testsuite> <!-- com.testscripts.LoginGoogleTests -->
