<?xml version="1.0" encoding="UTF-8"?>
<!-- Generated by org.testng.reporters.JUnitReportReporter -->
<testsuite hostname="WINDOWS-I42JNHR" failures="0" tests="12" name="com.testscripts.LoginWithMobileUpiPayTest" time="35.123" errors="0" timestamp="2024-03-16T18:15:15 IST" skipped="0">
  <testcase classname="com.testscripts.LoginWithMobileUpiPayTest" name="validateMobileLogin_MbUpi" time="21.969"/>
  <system-out/>
  <testcase classname="com.testscripts.LoginWithMobileUpiPayTest" name="validateDisableEmail_MbUpi" time="1.430"/>
  <system-out/>
  <testcase classname="com.testscripts.LoginWithMobileUpiPayTest" name="validateOrderConfirmation_MbUpi" time="1.271"/>
  <system-out/>
  <testcase classname="com.testscripts.LoginWithMobileUpiPayTest" name="validateCoupon" time="0.497"/>
  <system-out/>
  <testcase classname="com.testscripts.LoginWithMobileUpiPayTest" name="validateCouponRemove" time="0.100"/>
  <system-out/>
  <testcase classname="com.testscripts.LoginWithMobileUpiPayTest" name="validateWhatsappIsPresent" time="0.641"/>
  <system-out/>
  <testcase classname="com.testscripts.LoginWithMobileUpiPayTest" name="validatePaymentUrl" time="0.447"/>
  <system-out/>
  <testcase classname="com.testscripts.LoginWithMobileUpiPayTest" name="validatePhonepe" time="2.894"/>
  <system-out/>
  <testcase classname="com.testscripts.LoginWithMobileUpiPayTest" name="validateAmazonPe" time="0.364"/>
  <system-out/>
  <testcase classname="com.testscripts.LoginWithMobileUpiPayTest" name="validatephoenpeOrderMessage" time="3.565"/>
  <system-out/>
  <testcase classname="com.testscripts.LoginWithMobileUpiPayTest" name="validateOrderIdVip" time="0.965"/>
  <system-out/>
  <testcase classname="com.testscripts.LoginWithMobileUpiPayTest" name="validateAttendeeDetails_MobileloginViewTicketsUpi" time="0.980"/>
  <system-out/>
</testsuite> <!-- com.testscripts.LoginWithMobileUpiPayTest -->
