<?xml version="1.0" encoding="UTF-8"?>
<!-- Generated by org.testng.reporters.JUnitReportReporter -->
<testsuite hostname="WINDOWS-I42JNHR" failures="0" tests="8" name="com.testscripts.LoginWithExistingEmailFreeTest" time="11.596" errors="0" timestamp="2024-03-16T16:05:43 IST" skipped="0">
  <testcase classname="com.testscripts.LoginWithExistingEmailFreeTest" name="validateMobileWithExistingEmail_free" time="1.957"/>
  <system-out/>
  <testcase classname="com.testscripts.LoginWithExistingEmailFreeTest" name="validateDisableEmail__freeExistingEmail" time="0.574"/>
  <system-out/>
  <testcase classname="com.testscripts.LoginWithExistingEmailFreeTest" name="validateOrderConfirmation__freeExistingEmail" time="1.421"/>
  <system-out/>
  <testcase classname="com.testscripts.LoginWithExistingEmailFreeTest" name="validateWhatsappIsPresent_freeExistingEmail" time="0.075"/>
  <system-out/>
  <testcase classname="com.testscripts.LoginWithExistingEmailFreeTest" name="validateOrderSuccessPage_freeExistingEmail" time="2.359"/>
  <system-out/>
  <testcase classname="com.testscripts.LoginWithExistingEmailFreeTest" name="validateOrderID_freeExistingEmail" time="1.156"/>
  <system-out/>
  <testcase classname="com.testscripts.LoginWithExistingEmailFreeTest" name="validateAttendeeDetails_ExistingEmail" time="0.861"/>
  <system-out/>
  <testcase classname="com.testscripts.LoginWithExistingEmailFreeTest" name="validateAttendeeDetails_googleCompleteReg" time="3.193"/>
  <system-out/>
</testsuite> <!-- com.testscripts.LoginWithExistingEmailFreeTest -->
