<?xml version="1.0" encoding="UTF-8"?>
<!-- Generated by org.testng.reporters.JUnitReportReporter -->
<testsuite hostname="WINDOWS-I42JNHR" failures="0" tests="8" name="com.testscripts.LoginWithExistingEmailFreeTest" time="7.420" errors="0" timestamp="2024-03-15T10:59:11 IST" skipped="0">
  <testcase classname="com.testscripts.LoginWithExistingEmailFreeTest" name="validateMobileWithExistingEmail_free" time="1.405"/>
  <system-out/>
  <testcase classname="com.testscripts.LoginWithExistingEmailFreeTest" name="validateDisableEmail__freeExistingEmail" time="0.567"/>
  <system-out/>
  <testcase classname="com.testscripts.LoginWithExistingEmailFreeTest" name="validateOrderConfirmation__freeExistingEmail" time="0.803"/>
  <system-out/>
  <testcase classname="com.testscripts.LoginWithExistingEmailFreeTest" name="validateWhatsappIsPresent_freeExistingEmail" time="0.033"/>
  <system-out/>
  <testcase classname="com.testscripts.LoginWithExistingEmailFreeTest" name="validateOrderSuccessPage_freeExistingEmail" time="1.382"/>
  <system-out/>
  <testcase classname="com.testscripts.LoginWithExistingEmailFreeTest" name="validateOrderID_freeExistingEmail" time="0.955"/>
  <system-out/>
  <testcase classname="com.testscripts.LoginWithExistingEmailFreeTest" name="validateAttendeeDetails_ExistingEmail" time="0.792"/>
  <system-out/>
  <testcase classname="com.testscripts.LoginWithExistingEmailFreeTest" name="validateAttendeeDetails_googleCompleteReg" time="1.483"/>
  <system-out/>
</testsuite> <!-- com.testscripts.LoginWithExistingEmailFreeTest -->
