<?xml version="1.0" encoding="UTF-8"?>
<!-- Generated by org.testng.reporters.JUnitReportReporter -->
<testsuite hostname="WINDOWS-I42JNHR" failures="0" tests="11" name="com.testscripts.LoginWithNewEmailTest" time="12.411" errors="0" timestamp="2024-03-15T10:59:11 IST" skipped="0">
  <testcase classname="com.testscripts.LoginWithNewEmailTest" name="ValidateSigninWithNewEmail" time="1.432"/>
  <system-out/>
  <testcase classname="com.testscripts.LoginWithNewEmailTest" name="ValidateCoupon_Email" time="0.796"/>
  <system-out/>
  <testcase classname="com.testscripts.LoginWithNewEmailTest" name="ValidateEmailDisable_Email" time="0.103"/>
  <system-out/>
  <testcase classname="com.testscripts.LoginWithNewEmailTest" name="validateWhatsappCheckbox" time="0.322"/>
  <system-out/>
  <testcase classname="com.testscripts.LoginWithNewEmailTest" name="validateAttendeeEmail" time="0.749"/>
  <system-out/>
  <testcase classname="com.testscripts.LoginWithNewEmailTest" name="validateOrderSuccessMessage" time="1.315"/>
  <system-out/>
  <testcase classname="com.testscripts.LoginWithNewEmailTest" name="validateOrderifVip_email" time="0.983"/>
  <system-out/>
  <testcase classname="com.testscripts.LoginWithNewEmailTest" name="ValidateOrderIdFree_email" time="0.916"/>
  <system-out/>
  <testcase classname="com.testscripts.LoginWithNewEmailTest" name="validateAttendeeDetailsViewticket_NewEmail" time="0.316"/>
  <system-out/>
  <testcase classname="com.testscripts.LoginWithNewEmailTest" name="validateAttendeeDetailsReg_NewEmail" time="1.756"/>
  <system-out/>
  <testcase classname="com.testscripts.LoginWithNewEmailTest" name="validateAttendeeRegistration_Vip" time="3.723"/>
  <system-out/>
</testsuite> <!-- com.testscripts.LoginWithNewEmailTest -->
