<?xml version="1.0" encoding="UTF-8"?>
<!-- Generated by org.testng.reporters.JUnitReportReporter -->
<testsuite hostname="WINDOWS-I42JNHR" failures="0" tests="7" name="com.testscripts.LoginWithMobileFreeTest" time="48.726" errors="0" timestamp="2024-02-29T11:38:43 IST" skipped="0">
  <testcase classname="com.testscripts.LoginWithMobileFreeTest" name="validateMobileLogin_MbFree" time="31.515"/>
  <system-out/>
  <testcase classname="com.testscripts.LoginWithMobileFreeTest" name="validateDisableEmail_Mbfree" time="0.558"/>
  <system-out/>
  <testcase classname="com.testscripts.LoginWithMobileFreeTest" name="validateOrderConfirmation_Mbfree" time="0.022"/>
  <system-out/>
  <testcase classname="com.testscripts.LoginWithMobileFreeTest" name="verifyOrderMessage_Mbfree" time="12.515"/>
  <system-out/>
  <testcase classname="com.testscripts.LoginWithMobileFreeTest" name="verifyOrderId_Mbfree" time="1.083"/>
  <system-out/>
  <testcase classname="com.testscripts.LoginWithMobileFreeTest" name="verifyBuyerdetails_Mbfree" time="1.283"/>
  <system-out/>
  <testcase classname="com.testscripts.LoginWithMobileFreeTest" name="verifyRegistration_Mbfree" time="1.750"/>
  <system-out/>
</testsuite> <!-- com.testscripts.LoginWithMobileFreeTest -->
