<?xml version="1.0" encoding="UTF-8"?>
<!-- Generated by org.testng.reporters.JUnitReportReporter -->
<testsuite hostname="WINDOWS-I42JNHR" failures="0" tests="8" name="com.testscripts.LoginGoogleTests" time="32.582" errors="0" timestamp="2024-02-23T16:07:01 IST" skipped="0">
  <testcase classname="com.testscripts.LoginGoogleTests" name="validateDisableEmail_google" time="12.887"/>
  <system-out/>
  <testcase classname="com.testscripts.LoginGoogleTests" name="ValidateWhatsappConfigEnable" time="0.067"/>
  <system-out/>
  <testcase classname="com.testscripts.LoginGoogleTests" name="validateTicketForAttendee_google" time="11.896"/>
  <system-out/>
  <testcase classname="com.testscripts.LoginGoogleTests" name="validateViewTicketUrl_google" time="1.187"/>
  <system-out/>
  <testcase classname="com.testscripts.LoginGoogleTests" name="ValidateRegUrl_google" time="1.627"/>
  <system-out/>
  <testcase classname="com.testscripts.LoginGoogleTests" name="ValidateOrderId_google" time="0.797"/>
  <system-out/>
  <testcase classname="com.testscripts.LoginGoogleTests" name="validateBuyerDetails_google" time="0.625"/>
  <system-out/>
  <testcase classname="com.testscripts.LoginGoogleTests" name="validateRegistration_google" time="3.496"/>
  <system-out/>
</testsuite> <!-- com.testscripts.LoginGoogleTests -->
