<?xml version="1.0" encoding="UTF-8"?>
<!-- Generated by org.testng.reporters.JUnitReportReporter -->
<testsuite hostname="WINDOWS-I42JNHR" failures="1" tests="13" name="com.testscripts.LoginWithNewMailAmazonPayTest" time="15.018" errors="0" timestamp="2024-03-05T17:01:34 IST" skipped="0">
  <testcase classname="com.testscripts.LoginWithNewMailAmazonPayTest" name="ValidateSigninWithNewEmail_upiPay" time="0.967"/>
  <system-out/>
  <testcase classname="com.testscripts.LoginWithNewMailAmazonPayTest" name="ValidateCoupon_Email" time="0.891"/>
  <system-out/>
  <testcase classname="com.testscripts.LoginWithNewMailAmazonPayTest" name="validateCouponRemove" time="0.066"/>
  <system-out/>
  <testcase classname="com.testscripts.LoginWithNewMailAmazonPayTest" name="ValidateEmailDisable_Email" time="0.086"/>
  <system-out/>
  <testcase classname="com.testscripts.LoginWithNewMailAmazonPayTest" name="validateWhatsappCheckbox" time="0.402"/>
  <system-out/>
  <testcase classname="com.testscripts.LoginWithNewMailAmazonPayTest" name="validateAttendeeEmail" time="0.209"/>
  <system-out/>
  <testcase classname="com.testscripts.LoginWithNewMailAmazonPayTest" name="validatePaymentUrl" time="0.200"/>
  <system-out/>
  <testcase classname="com.testscripts.LoginWithNewMailAmazonPayTest" name="validatePhonepe" time="2.495"/>
  <system-out/>
  <testcase classname="com.testscripts.LoginWithNewMailAmazonPayTest" name="validateAmazonPe" time="0.115"/>
  <system-out/>
  <testcase classname="com.testscripts.LoginWithNewMailAmazonPayTest" name="validateAmazonOrderMessage" time="8.298"/>
  <system-out/>
  <testcase classname="com.testscripts.LoginWithNewMailAmazonPayTest" name="validateRegisterBtn" time="0.028">
    <failure message="expected [false] but found [true]" type="java.lang.AssertionError">
      <![CDATA[java.lang.AssertionError: expected [false] but found [true]
at org.testng.Assert.fail(Assert.java:99)
at org.testng.Assert.failNotEquals(Assert.java:1037)
at org.testng.Assert.assertFalse(Assert.java:67)
at org.testng.Assert.assertFalse(Assert.java:77)
at com.pages.LoginWithExistingEmailUpiPayment.verifyCompleteRegisterbutton(LoginWithExistingEmailUpiPayment.java:178)
at com.testscripts.LoginWithNewMailAmazonPayTest.validateRegisterBtn(LoginWithNewMailAmazonPayTest.java:115)
at java.base/jdk.internal.reflect.NativeMethodAccessorImpl.invoke0(Native Method)
at java.base/jdk.internal.reflect.NativeMethodAccessorImpl.invoke(NativeMethodAccessorImpl.java:77)
at java.base/jdk.internal.reflect.DelegatingMethodAccessorImpl.invoke(DelegatingMethodAccessorImpl.java:43)
at java.base/java.lang.reflect.Method.invoke(Method.java:568)
at org.testng.internal.MethodInvocationHelper.invokeMethod(MethodInvocationHelper.java:133)
at org.testng.internal.TestInvoker.invokeMethod(TestInvoker.java:598)
at org.testng.internal.TestInvoker.invokeTestMethod(TestInvoker.java:173)
at org.testng.internal.MethodRunner.runInSequence(MethodRunner.java:46)
at org.testng.internal.TestInvoker$MethodInvocationAgent.invoke(TestInvoker.java:824)
at org.testng.internal.TestInvoker.invokeTestMethods(TestInvoker.java:146)
at org.testng.internal.TestMethodWorker.invokeTestMethods(TestMethodWorker.java:146)
at org.testng.internal.TestMethodWorker.run(TestMethodWorker.java:128)
at java.base/java.util.ArrayList.forEach(ArrayList.java:1511)
at org.testng.TestRunner.privateRun(TestRunner.java:794)
at org.testng.TestRunner.run(TestRunner.java:596)
at org.testng.SuiteRunner.runTest(SuiteRunner.java:377)
at org.testng.SuiteRunner.runSequentially(SuiteRunner.java:371)
at org.testng.SuiteRunner.privateRun(SuiteRunner.java:332)
at org.testng.SuiteRunner.run(SuiteRunner.java:276)
at org.testng.SuiteRunnerWorker.runSuite(SuiteRunnerWorker.java:53)
at org.testng.SuiteRunnerWorker.run(SuiteRunnerWorker.java:96)
at org.testng.TestNG.runSuitesSequentially(TestNG.java:1212)
at org.testng.TestNG.runSuitesLocally(TestNG.java:1134)
at org.testng.TestNG.runSuites(TestNG.java:1063)
at org.testng.TestNG.run(TestNG.java:1031)
at org.testng.remote.AbstractRemoteTestNG.run(AbstractRemoteTestNG.java:115)
at org.testng.remote.RemoteTestNG.initAndRun(RemoteTestNG.java:251)
at org.testng.remote.RemoteTestNG.main(RemoteTestNG.java:77)
]]>
    </failure>
  </testcase> <!-- validateRegisterBtn -->
  <system-out/>
  <testcase classname="com.testscripts.LoginWithNewMailAmazonPayTest" name="validateOrderIdVip_amazonpay" time="0.468"/>
  <system-out/>
  <testcase classname="com.testscripts.LoginWithNewMailAmazonPayTest" name="validateOrderIdFree_amazonpay" time="0.793"/>
  <system-out/>
</testsuite> <!-- com.testscripts.LoginWithNewMailAmazonPayTest -->
