<?xml version="1.0" encoding="UTF-8"?>
<!-- Generated by org.testng.reporters.JUnitReportReporter -->
<testsuite hostname="WINDOWS-I42JNHR" failures="0" tests="1" name="com.testscripts.LoginGoogleTest" time="12.136" errors="0" timestamp="2024-02-20T16:00:51 IST" skipped="0">
  <testcase classname="com.testscripts.LoginGoogleTest" name="VerifyGoogleSigninDisablemail" time="12.136"/>
  <system-out/>
</testsuite> <!-- com.testscripts.LoginGoogleTest -->
