<?xml version="1.0" encoding="UTF-8"?>
<!-- Generated by org.testng.reporters.JUnitReportReporter -->
<testsuite hostname="WINDOWS-I42JNHR" failures="0" tests="10" name="com.testscripts.LoginGoogleTests" time="30.166" errors="0" timestamp="2024-03-07T13:03:30 IST" skipped="0">
  <testcase classname="com.testscripts.LoginGoogleTests" name="validateDisablemail_google" time="10.924"/>
  <system-out/>
  <testcase classname="com.testscripts.LoginGoogleTests" name="ValidateWhatsappConfigEnable" time="0.054"/>
  <system-out/>
  <testcase classname="com.testscripts.LoginGoogleTests" name="validateTicketForAttendee_google" time="0.762"/>
  <system-out/>
  <testcase classname="com.testscripts.LoginGoogleTests" name="validateOrderSuccessMessage" time="12.640"/>
  <system-out/>
  <testcase classname="com.testscripts.LoginGoogleTests" name="validateViewTicketUrl_google" time="1.198"/>
  <system-out/>
  <testcase classname="com.testscripts.LoginGoogleTests" name="ValidateRegUrl_google" time="1.645"/>
  <system-out/>
  <testcase classname="com.testscripts.LoginGoogleTests" name="ValidateOrderId_google" time="1.001"/>
  <system-out/>
  <testcase classname="com.testscripts.LoginGoogleTests" name="validateBuyerDetails_google" time="0.532"/>
  <system-out/>
  <testcase classname="com.testscripts.LoginGoogleTests" name="validateAttendeeDetails_googleloginViewTickets" time="0.755"/>
  <system-out/>
  <testcase classname="com.testscripts.LoginGoogleTests" name="validateAttendeeDetails_googleCompleteReg" time="0.655"/>
  <system-out/>
</testsuite> <!-- com.testscripts.LoginGoogleTests -->
