<?xml version="1.0" encoding="UTF-8"?>
<!-- Generated by org.testng.reporters.JUnitReportReporter -->
<testsuite hostname="WINDOWS-I42JNHR" failures="0" tests="11" name="com.testscripts.LoginWithNewEmailTest" time="34.492" errors="0" timestamp="2024-03-07T13:03:30 IST" skipped="0">
  <testcase classname="com.testscripts.LoginWithNewEmailTest" name="ValidateSigninWithNewEmail" time="1.498"/>
  <system-out/>
  <testcase classname="com.testscripts.LoginWithNewEmailTest" name="ValidateCoupon_Email" time="1.173"/>
  <system-out/>
  <testcase classname="com.testscripts.LoginWithNewEmailTest" name="ValidateEmailDisable_Email" time="0.130"/>
  <system-out/>
  <testcase classname="com.testscripts.LoginWithNewEmailTest" name="validateWhatsappCheckbox" time="0.366"/>
  <system-out/>
  <testcase classname="com.testscripts.LoginWithNewEmailTest" name="validateAttendeeEmail" time="0.781"/>
  <system-out/>
  <testcase classname="com.testscripts.LoginWithNewEmailTest" name="validateOrderSuccessMessage" time="19.523"/>
  <system-out/>
  <testcase classname="com.testscripts.LoginWithNewEmailTest" name="validateOrderifVip_email" time="0.558"/>
  <system-out/>
  <testcase classname="com.testscripts.LoginWithNewEmailTest" name="ValidateOrderIdFree_email" time="1.002"/>
  <system-out/>
  <testcase classname="com.testscripts.LoginWithNewEmailTest" name="validateAttendeeDetailsViewticket_NewEmail" time="0.760"/>
  <system-out/>
  <testcase classname="com.testscripts.LoginWithNewEmailTest" name="validateAttendeeDetailsReg_NewEmail" time="5.058"/>
  <system-out/>
  <testcase classname="com.testscripts.LoginWithNewEmailTest" name="validateAttendeeRegistration_Vip" time="3.643"/>
  <system-out/>
</testsuite> <!-- com.testscripts.LoginWithNewEmailTest -->
